-------------------------------------------------------------------------------
Test set: br.calebe.ticketmachine.core.TrocoTest
-------------------------------------------------------------------------------
Tests run: 1, Failures: 1, Errors: 0, Skipped: 0, Time elapsed: 0.018 s <<< FAILURE! - in br.calebe.ticketmachine.core.TrocoTest
br.calebe.ticketmachine.core.TrocoTest.testTroco  Time elapsed: 0.017 s  <<< FAILURE!
org.opentest4j.AssertionFailedError: expected: <50> but was: <100>
	at br.calebe.ticketmachine.core.TrocoTest.testTroco(TrocoTest.java:23)

