-------------------------------------------------------------------------------
Test set: br.calebe.ticketmachine.core.PapelMoedaTest
-------------------------------------------------------------------------------
Tests run: 2, Failures: 1, Errors: 0, Skipped: 0, Time elapsed: 0.064 s <<< FAILURE! - in br.calebe.ticketmachine.core.PapelMoedaTest
br.calebe.ticketmachine.core.PapelMoedaTest.testConstrutorValoresInvalidos  Time elapsed: 0.011 s  <<< FAILURE!
org.opentest4j.AssertionFailedError: Expected java.lang.IllegalArgumentException to be thrown, but nothing was thrown.
	at br.calebe.ticketmachine.core.PapelMoedaTest.testConstrutorValoresInvalidos(PapelMoedaTest.java:22)

