<?xml version="1.0" encoding="UTF-8"?>
<testsuite xmlns:xsi="http://www.w3.org/2001/XMLSchema-instance" xsi:noNamespaceSchemaLocation="https://maven.apache.org/surefire/maven-surefire-plugin/xsd/surefire-test-report-3.0.xsd" version="3.0" name="br.calebe.ticketmachine.core.PapelMoedaTest" time="0.064" tests="2" errors="0" skipped="0" failures="1">
  <properties>
[...]
</properties>
  <testcase name="testConstrutorValoresValidos" classname="br.calebe.ticketmachine.core.PapelMoedaTest" time="0.027"/>
  <testcase name="testConstrutorValoresInvalidos" classname="br.calebe.ticketmachine.core.PapelMoedaTest" time="0.011">
    <failure type="org.opentest4j.AssertionFailedError"><![CDATA[org.opentest4j.AssertionFailedError: Expected java.lang.IllegalArgumentException to be thrown, but nothing was thrown.
	at br.calebe.ticketmachine.core.PapelMoedaTest.testConstrutorValoresInvalidos(PapelMoedaTest.java:22)
]]></failure>
  </testcase>
</testsuite>